<?xml version="1.0" encoding="UTF-8"?>
<!-- Generated by org.testng.reporters.JUnitReportReporter -->
<testsuite skipped="0" hostname="HJD025174" name="runner.Runner" tests="1" failures="0" timestamp="16 Jul 2019 14:48:28 GMT" time="0.100" errors="0">
  <testcase name="runScenario" time="0.100" classname="runner.Runner"/>
</testsuite> <!-- runner.Runner -->
